app/build/outputs/logs/manifest-merger-debug-report.txt
-- Merging decision tree log ---
manifest
ADDED from src\main\AndroidManifest.xml:2:1-173:12
	package
		ADDED from src\main\AndroidManifest.xml:4:64-97
		INJECTED from src\main\AndroidManifest.xml
		INJECTED from src\main\AndroidManifest.xml
	android:versionName
		ADDED from src\main\AndroidManifest.xml:3:5-32
		INJECTED from src\main\AndroidManifest.xml
		INJECTED from src\main\AndroidManifest.xml
	android:versionCode
		ADDED from src\main\AndroidManifest.xml:2:11-35
		INJECTED from src\main\AndroidManifest.xml
		INJECTED from src\main\AndroidManifest.xml
	xmlns:android
		ADDED from src\main\AndroidManifest.xml:4:5-63
	android:installLocation
		ADDED from src\main\AndroidManifest.xml:5:5-35
uses-permission#android.permission.INTERNET
ADDED from src\main\AndroidManifest.xml:7:5-66
	android:name
		ADDED from src\main\AndroidManifest.xml:7:22-64
uses-permission#android.permission.RECEIVE_BOOT_COMPLETED
ADDED from src\main\AndroidManifest.xml:8:5-81
	android:name
		ADDED from src\main\AndroidManifest.xml:8:22-78
uses-permission#android.permission.WAKE_LOCK
ADDED from src\main\AndroidManifest.xml:9:5-68
	android:name
		ADDED from src\main\AndroidManifest.xml:9:22-65
uses-permission#android.permission.READ_PHONE_STATE
ADDED from src\main\AndroidManifest.xml:10:5-75
	android:name
		ADDED from src\main\AndroidManifest.xml:10:22-72
uses-permission#android.permission.ACCESS_NETWORK_STATE
ADDED from src\main\AndroidManifest.xml:11:5-79
	android:name
		ADDED from src\main\AndroidManifest.xml:11:22-76
uses-permission#android.permission.READ_EXTERNAL_STORAGE
ADDED from src\main\AndroidManifest.xml:12:5-79
	android:name
		ADDED from src\main\AndroidManifest.xml:12:22-77
uses-permission#android.permission.WRITE_EXTERNAL_STORAGE
ADDED from src\main\AndroidManifest.xml:13:5-80
	android:name
		ADDED from src\main\AndroidManifest.xml:13:22-78
uses-permission#android.permission.WRITE_SETTINGS
ADDED from src\main\AndroidManifest.xml:14:5-72
	android:name
		ADDED from src\main\AndroidManifest.xml:14:22-70
uses-sdk
ADDED from src\main\AndroidManifest.xml:16:5-43
MERGED from [com.android.support:support-v4:21.0.3] AndroidManifest.xml:15:5-42
	android:targetSdkVersion
		INJECTED from src\main\AndroidManifest.xml
		INJECTED from src\main\AndroidManifest.xml
	android:minSdkVersion
		ADDED from src\main\AndroidManifest.xml:16:15-40
		INJECTED from src\main\AndroidManifest.xml
		INJECTED from src\main\AndroidManifest.xml
application
ADDED from src\main\AndroidManifest.xml:18:5-164:19
MERGED from [com.android.support:support-v4:21.0.3] AndroidManifest.xml:16:5-19
	android:enabled
		ADDED from src\main\AndroidManifest.xml:20:45-67
	android:label
		ADDED from src\main\AndroidManifest.xml:19:55-87
	android:icon
		ADDED from src\main\AndroidManifest.xml:19:9-54
	android:theme
		ADDED from src\main\AndroidManifest.xml:20:9-44
	android:name
		ADDED from src\main\AndroidManifest.xml:18:18-68
activity#com.mozy.mobile.android.activities.upload.MozyUploadActivity
ADDED from src\main\AndroidManifest.xml:22:9-24:20
	android:screenOrientation
		ADDED from src\main\AndroidManifest.xml:23:46-85
	android:label
		ADDED from src\main\AndroidManifest.xml:23:13-45
	android:configChanges
		ADDED from src\main\AndroidManifest.xml:22:72-110
	android:name
		ADDED from src\main\AndroidManifest.xml:22:19-71
activity#com.mozy.mobile.android.activities.upload.FilteringMozyUploadActivity
ADDED from src\main\AndroidManifest.xml:26:9-41:20
	android:screenOrientation
		ADDED from src\main\AndroidManifest.xml:27:46-85
	android:label
		ADDED from src\main\AndroidManifest.xml:27:13-45
	android:configChanges
		ADDED from src\main\AndroidManifest.xml:26:81-119
	android:name
		ADDED from src\main\AndroidManifest.xml:26:19-80
intent-filter#android.intent.action.SEND+android.intent.action.SEND_MULTIPLE+android.intent.category.DEFAULT
ADDED from src\main\AndroidManifest.xml:29:13-40:29
	android:label
		ADDED from src\main\AndroidManifest.xml:29:28-60
action#android.intent.action.SEND
ADDED from src\main\AndroidManifest.xml:30:17-69
	android:name
		ADDED from src\main\AndroidManifest.xml:30:25-66
action#android.intent.action.SEND_MULTIPLE
ADDED from src\main\AndroidManifest.xml:31:17-78
	android:name
		ADDED from src\main\AndroidManifest.xml:31:25-75
category#android.intent.category.DEFAULT
ADDED from src\main\AndroidManifest.xml:32:17-76
	android:name
		ADDED from src\main\AndroidManifest.xml:32:27-73
data
ADDED from src\main\AndroidManifest.xml:33:17-52
	android:mimeType
		ADDED from src\main\AndroidManifest.xml:33:23-49
activity#com.mozy.mobile.android.activities.NavigationTabActivity
ADDED from src\main\AndroidManifest.xml:42:10-44:20
	android:screenOrientation
		ADDED from src\main\AndroidManifest.xml:43:46-85
	android:label
		ADDED from src\main\AndroidManifest.xml:43:13-45
	android:configChanges
		ADDED from src\main\AndroidManifest.xml:42:69-107
	android:name
		ADDED from src\main\AndroidManifest.xml:42:20-68
activity#com.mozy.mobile.android.activities.AboutActivity
ADDED from src\main\AndroidManifest.xml:45:9-47:20
	android:screenOrientation
		ADDED from src\main\AndroidManifest.xml:46:46-85
	android:label
		ADDED from src\main\AndroidManifest.xml:46:13-45
	android:configChanges
		ADDED from src\main\AndroidManifest.xml:45:60-110
	android:name
		ADDED from src\main\AndroidManifest.xml:45:19-59
activity#com.mozy.mobile.android.catch_release.CatchAndReleaseInitialSetupActivity
ADDED from src\main\AndroidManifest.xml:48:9-51:20
	android:screenOrientation
		ADDED from src\main\AndroidManifest.xml:50:46-85
	android:label
		ADDED from src\main\AndroidManifest.xml:50:13-45
	android:configChanges
		ADDED from src\main\AndroidManifest.xml:48:85-135
	android:theme
		ADDED from src\main\AndroidManifest.xml:49:13-53
	android:name
		ADDED from src\main\AndroidManifest.xml:48:19-84
activity#com.mozy.mobile.android.activities.DirFileListActivity
ADDED from src\main\AndroidManifest.xml:52:9-54:20
	android:screenOrientation
		ADDED from src\main\AndroidManifest.xml:53:46-85
	android:label
		ADDED from src\main\AndroidManifest.xml:53:13-45
	android:configChanges
		ADDED from src\main\AndroidManifest.xml:52:66-116
	android:name
		ADDED from src\main\AndroidManifest.xml:52:19-65
activity#com.mozy.mobile.android.activities.DirPhotoGridActivity
ADDED from src\main\AndroidManifest.xml:55:9-57:20
	android:screenOrientation
		ADDED from src\main\AndroidManifest.xml:56:46-85
	android:label
		ADDED from src\main\AndroidManifest.xml:56:13-45
	android:configChanges
		ADDED from src\main\AndroidManifest.xml:55:67-117
	android:name
		ADDED from src\main\AndroidManifest.xml:55:19-66
activity#com.mozy.mobile.android.activities.DownloadDirFileListActivity
ADDED from src\main\AndroidManifest.xml:58:10-60:20
	android:screenOrientation
		ADDED from src\main\AndroidManifest.xml:59:46-85
	android:label
		ADDED from src\main\AndroidManifest.xml:59:13-45
	android:configChanges
		ADDED from src\main\AndroidManifest.xml:58:75-125
	android:name
		ADDED from src\main\AndroidManifest.xml:58:20-74
activity#com.mozy.mobile.android.activities.DownloadDirPhotoGridActivity
ADDED from src\main\AndroidManifest.xml:61:9-63:20
	android:screenOrientation
		ADDED from src\main\AndroidManifest.xml:62:46-85
	android:label
		ADDED from src\main\AndroidManifest.xml:62:13-45
	android:configChanges
		ADDED from src\main\AndroidManifest.xml:61:75-125
	android:name
		ADDED from src\main\AndroidManifest.xml:61:19-74
activity#com.mozy.mobile.android.activities.RecentDirFileListActivity
ADDED from src\main\AndroidManifest.xml:64:9-66:20
	android:screenOrientation
		ADDED from src\main\AndroidManifest.xml:65:46-85
	android:label
		ADDED from src\main\AndroidManifest.xml:65:13-45
	android:configChanges
		ADDED from src\main\AndroidManifest.xml:64:72-122
	android:name
		ADDED from src\main\AndroidManifest.xml:64:19-71
activity#com.mozy.mobile.android.activities.RecentDirPhotoGridActivity
ADDED from src\main\AndroidManifest.xml:67:9-69:20
	android:screenOrientation
		ADDED from src\main\AndroidManifest.xml:68:46-85
	android:label
		ADDED from src\main\AndroidManifest.xml:68:13-45
	android:configChanges
		ADDED from src\main\AndroidManifest.xml:67:73-123
	android:name
		ADDED from src\main\AndroidManifest.xml:67:19-72
activity#com.mozy.mobile.android.activities.RecentPhotoSlideShowActivity
ADDED from src\main\AndroidManifest.xml:70:10-72:20
	android:screenOrientation
		ADDED from src\main\AndroidManifest.xml:71:46-85
	android:label
		ADDED from src\main\AndroidManifest.xml:71:13-45
	android:configChanges
		ADDED from src\main\AndroidManifest.xml:70:76-126
	android:name
		ADDED from src\main\AndroidManifest.xml:70:20-75
activity#com.mozy.mobile.android.activities.PersonalKeysSettingsActivity
ADDED from src\main\AndroidManifest.xml:73:9-75:20
	android:screenOrientation
		ADDED from src\main\AndroidManifest.xml:74:46-85
	android:label
		ADDED from src\main\AndroidManifest.xml:74:13-45
	android:configChanges
		ADDED from src\main\AndroidManifest.xml:73:75-125
	android:name
		ADDED from src\main\AndroidManifest.xml:73:19-74
activity#com.mozy.mobile.android.activities.PhotoSlideShowActivity
ADDED from src\main\AndroidManifest.xml:76:9-78:20
	android:screenOrientation
		ADDED from src\main\AndroidManifest.xml:77:46-85
	android:label
		ADDED from src\main\AndroidManifest.xml:77:13-45
	android:configChanges
		ADDED from src\main\AndroidManifest.xml:76:69-119
	android:name
		ADDED from src\main\AndroidManifest.xml:76:19-68
activity#com.mozy.mobile.android.activities.MainSettingsActivity
ADDED from src\main\AndroidManifest.xml:79:9-81:20
	android:screenOrientation
		ADDED from src\main\AndroidManifest.xml:80:46-85
	android:label
		ADDED from src\main\AndroidManifest.xml:80:13-45
	android:configChanges
		ADDED from src\main\AndroidManifest.xml:79:67-117
	android:name
		ADDED from src\main\AndroidManifest.xml:79:19-66
activity#com.mozy.mobile.android.catch_release.CatchAndReleaseSettingsActivity
ADDED from src\main\AndroidManifest.xml:82:9-84:20
	android:screenOrientation
		ADDED from src\main\AndroidManifest.xml:83:46-85
	android:label
		ADDED from src\main\AndroidManifest.xml:83:13-45
	android:configChanges
		ADDED from src\main\AndroidManifest.xml:82:81-131
	android:name
		ADDED from src\main\AndroidManifest.xml:82:19-80
activity#com.mozy.mobile.android.activities.upload.UploadStatusActivity
ADDED from src\main\AndroidManifest.xml:85:9-87:20
	android:screenOrientation
		ADDED from src\main\AndroidManifest.xml:86:46-85
	android:label
		ADDED from src\main\AndroidManifest.xml:86:13-45
	android:configChanges
		ADDED from src\main\AndroidManifest.xml:85:74-124
	android:name
		ADDED from src\main\AndroidManifest.xml:85:19-73
activity#com.mozy.mobile.android.activities.StorageUsedActivity
ADDED from src\main\AndroidManifest.xml:88:9-90:20
	android:screenOrientation
		ADDED from src\main\AndroidManifest.xml:89:46-85
	android:label
		ADDED from src\main\AndroidManifest.xml:89:13-45
	android:configChanges
		ADDED from src\main\AndroidManifest.xml:88:66-116
	android:name
		ADDED from src\main\AndroidManifest.xml:88:19-65
activity#com.mozy.mobile.android.activities.PinManActivity
ADDED from src\main\AndroidManifest.xml:91:9-93:20
	android:screenOrientation
		ADDED from src\main\AndroidManifest.xml:92:46-82
	android:label
		ADDED from src\main\AndroidManifest.xml:92:13-45
	android:configChanges
		ADDED from src\main\AndroidManifest.xml:91:61-111
	android:name
		ADDED from src\main\AndroidManifest.xml:91:19-60
activity#com.mozy.mobile.android.activities.QuickAccessScreenActivity
ADDED from src\main\AndroidManifest.xml:94:10-96:20
	android:screenOrientation
		ADDED from src\main\AndroidManifest.xml:95:46-85
	android:label
		ADDED from src\main\AndroidManifest.xml:95:13-45
	android:configChanges
		ADDED from src\main\AndroidManifest.xml:94:73-123
	android:name
		ADDED from src\main\AndroidManifest.xml:94:20-72
activity#com.mozy.mobile.android.activities.PhotoSearchDirFileListActivity
ADDED from src\main\AndroidManifest.xml:97:9-99:20
	android:screenOrientation
		ADDED from src\main\AndroidManifest.xml:98:46-85
	android:label
		ADDED from src\main\AndroidManifest.xml:98:13-45
	android:configChanges
		ADDED from src\main\AndroidManifest.xml:97:77-127
	android:name
		ADDED from src\main\AndroidManifest.xml:97:19-76
activity#com.mozy.mobile.android.activities.PhotoSearchGridActivity
ADDED from src\main\AndroidManifest.xml:100:9-102:20
	android:screenOrientation
		ADDED from src\main\AndroidManifest.xml:101:46-85
	android:label
		ADDED from src\main\AndroidManifest.xml:101:13-45
	android:configChanges
		ADDED from src\main\AndroidManifest.xml:100:70-120
	android:name
		ADDED from src\main\AndroidManifest.xml:100:19-69
activity#com.mozy.mobile.android.activities.PhotoSearchSlideShowActivity
ADDED from src\main\AndroidManifest.xml:103:9-105:20
	android:screenOrientation
		ADDED from src\main\AndroidManifest.xml:104:46-85
	android:label
		ADDED from src\main\AndroidManifest.xml:104:13-45
	android:configChanges
		ADDED from src\main\AndroidManifest.xml:103:75-125
	android:name
		ADDED from src\main\AndroidManifest.xml:103:19-74
activity#com.mozy.mobile.android.activities.SendChooserActivity
ADDED from src\main\AndroidManifest.xml:106:10-109:20
	android:screenOrientation
		ADDED from src\main\AndroidManifest.xml:108:46-85
	android:label
		ADDED from src\main\AndroidManifest.xml:108:13-45
	android:configChanges
		ADDED from src\main\AndroidManifest.xml:106:67-117
	android:theme
		ADDED from src\main\AndroidManifest.xml:107:13-53
	android:name
		ADDED from src\main\AndroidManifest.xml:106:20-66
activity#com.mozy.mobile.android.activities.upload.UploadFolderScreenActivity
ADDED from src\main\AndroidManifest.xml:111:10-113:20
	android:screenOrientation
		ADDED from src\main\AndroidManifest.xml:112:46-82
	android:label
		ADDED from src\main\AndroidManifest.xml:112:13-45
	android:configChanges
		ADDED from src\main\AndroidManifest.xml:111:81-119
	android:name
		ADDED from src\main\AndroidManifest.xml:111:20-80
activity#com.mozy.mobile.android.activities.startup.AltSignInWebView
ADDED from src\main\AndroidManifest.xml:117:9-119:20
	android:screenOrientation
		ADDED from src\main\AndroidManifest.xml:118:47-83
	android:label
		ADDED from src\main\AndroidManifest.xml:118:14-46
	android:configChanges
		ADDED from src\main\AndroidManifest.xml:117:71-109
	android:name
		ADDED from src\main\AndroidManifest.xml:117:19-70
activity#com.mozy.mobile.android.activities.startup.SignIn
ADDED from src\main\AndroidManifest.xml:121:9-123:20
	android:screenOrientation
		ADDED from src\main\AndroidManifest.xml:122:47-83
	android:label
		ADDED from src\main\AndroidManifest.xml:122:14-46
	android:configChanges
		ADDED from src\main\AndroidManifest.xml:121:61-99
	android:name
		ADDED from src\main\AndroidManifest.xml:121:19-60
activity#com.mozy.mobile.android.activities.startup.FirstRun
ADDED from src\main\AndroidManifest.xml:124:9-130:20
	android:screenOrientation
		ADDED from src\main\AndroidManifest.xml:125:47-83
	android:label
		ADDED from src\main\AndroidManifest.xml:125:14-46
	android:configChanges
		ADDED from src\main\AndroidManifest.xml:124:63-113
	android:name
		ADDED from src\main\AndroidManifest.xml:124:19-62
intent-filter#android.intent.action.MAIN+android.intent.category.LAUNCHER
ADDED from src\main\AndroidManifest.xml:126:13-129:29
action#android.intent.action.MAIN
ADDED from src\main\AndroidManifest.xml:127:17-69
	android:name
		ADDED from src\main\AndroidManifest.xml:127:25-66
category#android.intent.category.LAUNCHER
ADDED from src\main\AndroidManifest.xml:128:17-77
	android:name
		ADDED from src\main\AndroidManifest.xml:128:27-74
activity#com.mozy.mobile.android.activities.startup.AltSignInSubDomain
ADDED from src\main\AndroidManifest.xml:131:10-133:20
	android:screenOrientation
		ADDED from src\main\AndroidManifest.xml:132:46-82
	android:label
		ADDED from src\main\AndroidManifest.xml:132:13-45
	android:configChanges
		ADDED from src\main\AndroidManifest.xml:131:74-124
	android:name
		ADDED from src\main\AndroidManifest.xml:131:20-73
receiver#com.mozy.mobile.android.catch_release.CRReceiver
ADDED from src\main\AndroidManifest.xml:134:9-148:20
	android:enabled
		ADDED from src\main\AndroidManifest.xml:134:60-82
	android:name
		ADDED from src\main\AndroidManifest.xml:134:19-59
intent-filter#android.intent.action.BOOT_COMPLETED
ADDED from src\main\AndroidManifest.xml:135:13-137:29
action#android.intent.action.BOOT_COMPLETED
ADDED from src\main\AndroidManifest.xml:136:17-79
	android:name
		ADDED from src\main\AndroidManifest.xml:136:25-76
intent-filter#android.intent.action.MEDIA_MOUNTED
ADDED from src\main\AndroidManifest.xml:138:13-141:29
action#android.intent.action.MEDIA_MOUNTED
ADDED from src\main\AndroidManifest.xml:139:17-78
	android:name
		ADDED from src\main\AndroidManifest.xml:139:25-75
intent-filter#android.net.conn.CONNECTIVITY_CHANGE
ADDED from src\main\AndroidManifest.xml:142:13-144:28
action#android.net.conn.CONNECTIVITY_CHANGE
ADDED from src\main\AndroidManifest.xml:143:16-78
	android:name
		ADDED from src\main\AndroidManifest.xml:143:24-75
intent-filter#android.intent.action.USER_PRESENT
ADDED from src\main\AndroidManifest.xml:145:12-147:28
action#android.intent.action.USER_PRESENT
ADDED from src\main\AndroidManifest.xml:146:16-76
	android:name
		ADDED from src\main\AndroidManifest.xml:146:24-73
service#com.mozy.mobile.android.service.MozyService
ADDED from src\main\AndroidManifest.xml:150:9-154:19
	android:enabled
		ADDED from src\main\AndroidManifest.xml:150:77-99
	android:name
		ADDED from src\main\AndroidManifest.xml:150:18-76
intent-filter#com.mozy.mobile.android.service.MozyService
ADDED from src\main\AndroidManifest.xml:151:13-153:29
action#com.mozy.mobile.android.service.MozyService
ADDED from src\main\AndroidManifest.xml:152:17-86
	android:name
		ADDED from src\main\AndroidManifest.xml:152:25-83
provider#com.mozy.mobile.android.providers.FileContentProvider
ADDED from src\main\AndroidManifest.xml:156:9-159:42
	android:authorities
		ADDED from src\main\AndroidManifest.xml:157:13-78
	android:enabled
		ADDED from src\main\AndroidManifest.xml:158:13-35
	android:multiprocess
		ADDED from src\main\AndroidManifest.xml:159:13-40
	android:name
		ADDED from src\main\AndroidManifest.xml:156:19-64
receiver#com.mozy.mobile.android.activities.DecryptedFilesCleanUpAlarmManager
ADDED from src\main\AndroidManifest.xml:161:9-91
	android:name
		ADDED from src\main\AndroidManifest.xml:161:19-79
uses-library#android.test.runner
ADDED from src\main\AndroidManifest.xml:163:9-60
	android:name
		ADDED from src\main\AndroidManifest.xml:163:23-57
instrumentation#android.test.InstrumentationTestRunner
ADDED from src\main\AndroidManifest.xml:166:5-168:59
	android:targetPackage
		ADDED from src\main\AndroidManifest.xml:168:9-56
	android:name
		ADDED from src\main\AndroidManifest.xml:167:9-62
instrumentation#com.mozy.mobile.android.test.StartTest
ADDED from src\main\AndroidManifest.xml:169:5-172:37
	android:label
		ADDED from src\main\AndroidManifest.xml:172:9-34
	android:targetPackage
		ADDED from src\main\AndroidManifest.xml:171:9-56
	android:name
		ADDED from src\main\AndroidManifest.xml:170:9-62